productivity_p_l_u_s/build/app/intermediates/manifest_merge_blame_file/debug/processDebugMainManifest/manifest-merger-blame-debug-report.txt
1<?xml version="1.0" encoding="utf-8"?>
2<manifest xmlns:android="http://schemas.android.com/apk/res/android"
3    package="com.mycompany.productivityplus"
4    android:versionCode="21"
5    android:versionName="21.0.0" >
6
7    <uses-sdk
8        android:minSdkVersion="23"
9        android:targetSdkVersion="34" />
10    <!--
11         Flutter needs it to communicate with the running application
12         to allow setting breakpoints, to provide hot reload, etc.
13    -->
14    <uses-permission android:name="android.permission.INTERNET" />
14-->src\main\AndroidManifest.xml:4:5-66
14-->src\main\AndroidManifest.xml:4:22-64
15    <!-- Although the *SdkVersion is captured in gradle build files, this is required for non gradle builds -->
16    <!-- <uses-sdk android:minSdkVersion="21" /> -->
17    <uses-permission android:name="android.permission.ACCESS_NETWORK_STATE" />
17-->[com.google.firebase:firebase-firestore:25.1.1] AndroidManifest.xml:10:5-79
17-->[com.google.firebase:firebase-firestore:25.1.1] AndroidManifest.xml:10:22-76
18    <uses-permission android:name="com.google.android.gms.permission.AD_ID" />
18-->[com.google.android.gms:play-services-ads-lite:23.0.0] AndroidManifest.xml:26:5-79
18-->[com.google.android.gms:play-services-ads-lite:23.0.0] AndroidManifest.xml:26:22-76
19    <uses-permission android:name="android.permission.ACCESS_ADSERVICES_AD_ID" />
19-->[com.google.android.gms:play-services-ads-lite:23.0.0] AndroidManifest.xml:27:5-82
19-->[com.google.android.gms:play-services-ads-lite:23.0.0] AndroidManifest.xml:27:22-79
20    <uses-permission android:name="android.permission.ACCESS_ADSERVICES_ATTRIBUTION" />
20-->[com.google.android.gms:play-services-ads-lite:23.0.0] AndroidManifest.xml:28:5-88
20-->[com.google.android.gms:play-services-ads-lite:23.0.0] AndroidManifest.xml:28:22-85
21    <uses-permission android:name="android.permission.ACCESS_ADSERVICES_TOPICS" /> <!-- Android package visibility setting -->
21-->[com.google.android.gms:play-services-ads-lite:23.0.0] AndroidManifest.xml:29:5-83
21-->[com.google.android.gms:play-services-ads-lite:23.0.0] AndroidManifest.xml:29:22-80
22    <queries>
22-->[com.google.android.gms:play-services-ads-lite:23.0.0] AndroidManifest.xml:35:5-51:15
23
24        <!-- For browser content -->
25        <intent>
25-->[com.google.android.gms:play-services-ads-lite:23.0.0] AndroidManifest.xml:38:9-44:18
26            <action android:name="android.intent.action.VIEW" />
26-->src\main\AndroidManifest.xml:45:17-69
26-->src\main\AndroidManifest.xml:45:25-66
27
28            <category android:name="android.intent.category.BROWSABLE" />
28-->src\main\AndroidManifest.xml:47:17-78
28-->src\main\AndroidManifest.xml:47:27-75
29
30            <data android:scheme="https" />
30-->src\main\AndroidManifest.xml:48:17-95
30-->src\main\AndroidManifest.xml:48:23-56
31        </intent>
32        <!-- End of browser content -->
33        <!-- For CustomTabsService -->
34        <intent>
34-->[com.google.android.gms:play-services-ads-lite:23.0.0] AndroidManifest.xml:47:9-49:18
35            <action android:name="android.support.customtabs.action.CustomTabsService" />
35-->[com.google.android.gms:play-services-ads-lite:23.0.0] AndroidManifest.xml:48:13-90
35-->[com.google.android.gms:play-services-ads-lite:23.0.0] AndroidManifest.xml:48:21-87
36        </intent>
37        <!-- End of CustomTabsService -->
38    </queries>
39
40    <uses-permission android:name="android.permission.WAKE_LOCK" />
40-->[androidx.work:work-runtime:2.7.0] AndroidManifest.xml:25:5-68
40-->[androidx.work:work-runtime:2.7.0] AndroidManifest.xml:25:22-65
41    <uses-permission android:name="android.permission.FOREGROUND_SERVICE" />
41-->[androidx.work:work-runtime:2.7.0] AndroidManifest.xml:28:5-77
41-->[androidx.work:work-runtime:2.7.0] AndroidManifest.xml:28:22-74
42
43    <permission
43-->[androidx.core:core:1.13.1] AndroidManifest.xml:22:5-24:47
44        android:name="com.mycompany.productivityplus.DYNAMIC_RECEIVER_NOT_EXPORTED_PERMISSION"
44-->[androidx.core:core:1.13.1] AndroidManifest.xml:23:9-81
45        android:protectionLevel="signature" />
45-->[androidx.core:core:1.13.1] AndroidManifest.xml:24:9-44
46
47    <uses-permission android:name="com.mycompany.productivityplus.DYNAMIC_RECEIVER_NOT_EXPORTED_PERMISSION" />
47-->[androidx.core:core:1.13.1] AndroidManifest.xml:26:5-97
47-->[androidx.core:core:1.13.1] AndroidManifest.xml:26:22-94
48
49    <application
49-->src\main\AndroidManifest.xml:7:5-63:19
50        android:appComponentFactory="androidx.core.app.CoreComponentFactory"
50-->[androidx.core:core:1.13.1] AndroidManifest.xml:28:18-86
51        android:debuggable="true"
52        android:extractNativeLibs="false"
53        android:icon="@mipmap/launcher_icon"
53-->src\main\AndroidManifest.xml:10:9-45
54        android:label="To-Do List Minimaliste"
54-->src\main\AndroidManifest.xml:8:9-47
55        android:requestLegacyExternalStorage="true" >
55-->src\main\AndroidManifest.xml:11:9-52
56        <activity
56-->src\main\AndroidManifest.xml:13:9-51:20
57            android:name="com.mycompany.productivityplus.MainActivity"
57-->src\main\AndroidManifest.xml:14:13-41
58            android:configChanges="orientation|keyboardHidden|keyboard|screenSize|smallestScreenSize|locale|layoutDirection|fontScale|screenLayout|density|uiMode"
58-->src\main\AndroidManifest.xml:18:13-163
59            android:exported="true"
59-->src\main\AndroidManifest.xml:15:13-36
60            android:hardwareAccelerated="true"
60-->src\main\AndroidManifest.xml:19:13-47
61            android:launchMode="singleTop"
61-->src\main\AndroidManifest.xml:16:13-43
62            android:theme="@style/LaunchTheme"
62-->src\main\AndroidManifest.xml:17:13-47
63            android:windowSoftInputMode="adjustResize" >
63-->src\main\AndroidManifest.xml:20:13-55
64
65            <!--
66                 Specifies an Android theme to apply to this Activity as soon as
67                 the Android process has started. This theme is visible to the user
68                 while the Flutter UI initializes. After that, this theme continues
69                 to determine the Window background behind the Flutter UI.
70            -->
71            <meta-data
71-->src\main\AndroidManifest.xml:25:13-28:17
72                android:name="io.flutter.embedding.android.NormalTheme"
72-->src\main\AndroidManifest.xml:26:15-70
73                android:resource="@style/NormalTheme" />
73-->src\main\AndroidManifest.xml:27:15-52
74            <!--
75                 Displays an Android View that continues showing the launch screen
76                 Drawable until Flutter paints its first frame, then this splash
77                 screen fades out. A splash screen is useful to avoid any visual
78                 gap between the end of Android's launch screen and the painting of
79                 Flutter's first frame.
80            -->
81            <meta-data
81-->src\main\AndroidManifest.xml:34:13-37:17
82                android:name="io.flutter.embedding.android.SplashScreenDrawable"
82-->src\main\AndroidManifest.xml:35:15-79
83                android:resource="@drawable/launch_background" />
83-->src\main\AndroidManifest.xml:36:15-61
84
85            <intent-filter>
85-->src\main\AndroidManifest.xml:38:13-41:29
86                <action android:name="android.intent.action.MAIN" />
86-->src\main\AndroidManifest.xml:39:17-68
86-->src\main\AndroidManifest.xml:39:25-66
87
88                <category android:name="android.intent.category.LAUNCHER" />
88-->src\main\AndroidManifest.xml:40:17-76
88-->src\main\AndroidManifest.xml:40:27-74
89            </intent-filter>
90            <!-- Deep linking -->
91            <meta-data
91-->src\main\AndroidManifest.xml:43:13-90
92                android:name="flutter_deeplinking_enabled"
92-->src\main\AndroidManifest.xml:43:24-66
93                android:value="true" />
93-->src\main\AndroidManifest.xml:43:67-87
94
95            <intent-filter android:autoVerify="true" >
95-->src\main\AndroidManifest.xml:44:13-49:29
95-->src\main\AndroidManifest.xml:44:28-53
96                <action android:name="android.intent.action.VIEW" />
96-->src\main\AndroidManifest.xml:45:17-69
96-->src\main\AndroidManifest.xml:45:25-66
97
98                <category android:name="android.intent.category.DEFAULT" />
98-->src\main\AndroidManifest.xml:46:17-76
98-->src\main\AndroidManifest.xml:46:27-73
99                <category android:name="android.intent.category.BROWSABLE" />
99-->src\main\AndroidManifest.xml:47:17-78
99-->src\main\AndroidManifest.xml:47:27-75
100
101                <data
101-->src\main\AndroidManifest.xml:48:17-95
102                    android:host="productivityplus.com"
102-->src\main\AndroidManifest.xml:48:57-92
103                    android:scheme="productivityplus" />
103-->src\main\AndroidManifest.xml:48:23-56
104            </intent-filter>
105        </activity>
106
107        <!--
108             Don't delete the meta-data below.
109             This is used by the Flutter tool to generate GeneratedPluginRegistrant.java
110        -->
111        <meta-data
111-->src\main\AndroidManifest.xml:55:9-57:33
112            android:name="flutterEmbedding"
112-->src\main\AndroidManifest.xml:56:13-44
113            android:value="2" />
113-->src\main\AndroidManifest.xml:57:13-30
114        <meta-data
114-->src\main\AndroidManifest.xml:59:9-61:69
115            android:name="com.google.android.gms.ads.APPLICATION_ID"
115-->src\main\AndroidManifest.xml:60:13-69
116            android:value="ca-app-pub-5902757634604822~4709767782" />
116-->src\main\AndroidManifest.xml:61:13-67
117
118        <service
118-->[:cloud_firestore] AndroidManifest.xml:8:9-12:19
119            android:name="com.google.firebase.components.ComponentDiscoveryService"
119-->[:cloud_firestore] AndroidManifest.xml:8:18-89
120            android:directBootAware="true"
120-->[com.google.firebase:firebase-common:21.0.0] AndroidManifest.xml:32:13-43
121            android:exported="false" >
121-->[com.google.firebase:firebase-perf:21.0.2] AndroidManifest.xml:13:13-37
122            <meta-data
122-->[:cloud_firestore] AndroidManifest.xml:9:13-11:85
123                android:name="com.google.firebase.components:io.flutter.plugins.firebase.firestore.FlutterFirebaseFirestoreRegistrar"
123-->[:cloud_firestore] AndroidManifest.xml:10:17-134
124                android:value="com.google.firebase.components.ComponentRegistrar" />
124-->[:cloud_firestore] AndroidManifest.xml:11:17-82
125            <meta-data
125-->[:firebase_performance] AndroidManifest.xml:11:13-13:85
126                android:name="com.google.firebase.components:io.flutter.plugins.firebase.performance.FlutterFirebaseAppRegistrar"
126-->[:firebase_performance] AndroidManifest.xml:12:17-130
127                android:value="com.google.firebase.components.ComponentRegistrar" />
127-->[:firebase_performance] AndroidManifest.xml:13:17-82
128            <meta-data
128-->[:firebase_core] AndroidManifest.xml:9:13-11:85
129                android:name="com.google.firebase.components:io.flutter.plugins.firebase.core.FlutterFirebaseCoreRegistrar"
129-->[:firebase_core] AndroidManifest.xml:10:17-124
130                android:value="com.google.firebase.components.ComponentRegistrar" />
130-->[:firebase_core] AndroidManifest.xml:11:17-82
131            <meta-data
131-->[com.google.firebase:firebase-perf:21.0.2] AndroidManifest.xml:14:13-16:85
132                android:name="com.google.firebase.components:com.google.firebase.perf.FirebasePerfKtxRegistrar"
132-->[com.google.firebase:firebase-perf:21.0.2] AndroidManifest.xml:15:17-112
133                android:value="com.google.firebase.components.ComponentRegistrar" />
133-->[com.google.firebase:firebase-perf:21.0.2] AndroidManifest.xml:16:17-82
134            <meta-data
134-->[com.google.firebase:firebase-perf:21.0.2] AndroidManifest.xml:17:13-19:85
135                android:name="com.google.firebase.components:com.google.firebase.perf.FirebasePerfRegistrar"
135-->[com.google.firebase:firebase-perf:21.0.2] AndroidManifest.xml:18:17-109
136                android:value="com.google.firebase.components.ComponentRegistrar" />
136-->[com.google.firebase:firebase-perf:21.0.2] AndroidManifest.xml:19:17-82
137            <meta-data
137-->[com.google.firebase:firebase-sessions:2.0.0] AndroidManifest.xml:29:13-31:85
138                android:name="com.google.firebase.components:com.google.firebase.sessions.FirebaseSessionsRegistrar"
138-->[com.google.firebase:firebase-sessions:2.0.0] AndroidManifest.xml:30:17-117
139                android:value="com.google.firebase.components.ComponentRegistrar" />
139-->[com.google.firebase:firebase-sessions:2.0.0] AndroidManifest.xml:31:17-82
140            <meta-data
140-->[com.google.firebase:firebase-firestore:25.1.1] AndroidManifest.xml:17:13-19:85
141                android:name="com.google.firebase.components:com.google.firebase.firestore.FirebaseFirestoreKtxRegistrar"
141-->[com.google.firebase:firebase-firestore:25.1.1] AndroidManifest.xml:18:17-122
142                android:value="com.google.firebase.components.ComponentRegistrar" />
142-->[com.google.firebase:firebase-firestore:25.1.1] AndroidManifest.xml:19:17-82
143            <meta-data
143-->[com.google.firebase:firebase-firestore:25.1.1] AndroidManifest.xml:20:13-22:85
144                android:name="com.google.firebase.components:com.google.firebase.firestore.FirestoreRegistrar"
144-->[com.google.firebase:firebase-firestore:25.1.1] AndroidManifest.xml:21:17-111
145                android:value="com.google.firebase.components.ComponentRegistrar" />
145-->[com.google.firebase:firebase-firestore:25.1.1] AndroidManifest.xml:22:17-82
146            <meta-data
146-->[com.google.firebase:firebase-config:22.0.1] AndroidManifest.xml:29:13-31:85
147                android:name="com.google.firebase.components:com.google.firebase.remoteconfig.FirebaseRemoteConfigKtxRegistrar"
147-->[com.google.firebase:firebase-config:22.0.1] AndroidManifest.xml:30:17-128
148                android:value="com.google.firebase.components.ComponentRegistrar" />
148-->[com.google.firebase:firebase-config:22.0.1] AndroidManifest.xml:31:17-82
149            <meta-data
149-->[com.google.firebase:firebase-config:22.0.1] AndroidManifest.xml:32:13-34:85
150                android:name="com.google.firebase.components:com.google.firebase.remoteconfig.RemoteConfigRegistrar"
150-->[com.google.firebase:firebase-config:22.0.1] AndroidManifest.xml:33:17-117
151                android:value="com.google.firebase.components.ComponentRegistrar" />
151-->[com.google.firebase:firebase-config:22.0.1] AndroidManifest.xml:34:17-82
152            <meta-data
152-->[com.google.firebase:firebase-installations:18.0.0] AndroidManifest.xml:15:13-17:85
153                android:name="com.google.firebase.components:com.google.firebase.installations.FirebaseInstallationsKtxRegistrar"
153-->[com.google.firebase:firebase-installations:18.0.0] AndroidManifest.xml:16:17-130
154                android:value="com.google.firebase.components.ComponentRegistrar" />
154-->[com.google.firebase:firebase-installations:18.0.0] AndroidManifest.xml:17:17-82
155            <meta-data
155-->[com.google.firebase:firebase-installations:18.0.0] AndroidManifest.xml:18:13-20:85
156                android:name="com.google.firebase.components:com.google.firebase.installations.FirebaseInstallationsRegistrar"
156-->[com.google.firebase:firebase-installations:18.0.0] AndroidManifest.xml:19:17-127
157                android:value="com.google.firebase.components.ComponentRegistrar" />
157-->[com.google.firebase:firebase-installations:18.0.0] AndroidManifest.xml:20:17-82
158            <meta-data
158-->[com.google.firebase:firebase-common-ktx:21.0.0] AndroidManifest.xml:12:13-14:85
159                android:name="com.google.firebase.components:com.google.firebase.ktx.FirebaseCommonLegacyRegistrar"
159-->[com.google.firebase:firebase-common-ktx:21.0.0] AndroidManifest.xml:13:17-116
160                android:value="com.google.firebase.components.ComponentRegistrar" />
160-->[com.google.firebase:firebase-common-ktx:21.0.0] AndroidManifest.xml:14:17-82
161            <meta-data
161-->[com.google.firebase:firebase-datatransport:18.1.8] AndroidManifest.xml:27:13-29:85
162                android:name="com.google.firebase.components:com.google.firebase.datatransport.TransportRegistrar"
162-->[com.google.firebase:firebase-datatransport:18.1.8] AndroidManifest.xml:28:17-115
163                android:value="com.google.firebase.components.ComponentRegistrar" />
163-->[com.google.firebase:firebase-datatransport:18.1.8] AndroidManifest.xml:29:17-82
164            <meta-data
164-->[com.google.firebase:firebase-common:21.0.0] AndroidManifest.xml:35:13-37:85
165                android:name="com.google.firebase.components:com.google.firebase.FirebaseCommonKtxRegistrar"
165-->[com.google.firebase:firebase-common:21.0.0] AndroidManifest.xml:36:17-109
166                android:value="com.google.firebase.components.ComponentRegistrar" />
166-->[com.google.firebase:firebase-common:21.0.0] AndroidManifest.xml:37:17-82
167            <meta-data
167-->[com.google.firebase:firebase-abt:21.1.1] AndroidManifest.xml:12:13-14:85
168                android:name="com.google.firebase.components:com.google.firebase.abt.component.AbtRegistrar"
168-->[com.google.firebase:firebase-abt:21.1.1] AndroidManifest.xml:13:17-109
169                android:value="com.google.firebase.components.ComponentRegistrar" />
169-->[com.google.firebase:firebase-abt:21.1.1] AndroidManifest.xml:14:17-82
170        </service>
171
172        <meta-data
172-->[:google_mobile_ads] AndroidManifest.xml:10:9-12:36
173            android:name="io.flutter.embedded_views_preview"
173-->[:google_mobile_ads] AndroidManifest.xml:11:13-61
174            android:value="true" />
174-->[:google_mobile_ads] AndroidManifest.xml:12:13-33
175
176        <activity
176-->[:url_launcher_android] AndroidManifest.xml:8:9-11:74
177            android:name="io.flutter.plugins.urllauncher.WebViewActivity"
177-->[:url_launcher_android] AndroidManifest.xml:9:13-74
178            android:exported="false"
178-->[:url_launcher_android] AndroidManifest.xml:10:13-37
179            android:theme="@android:style/Theme.NoTitleBar.Fullscreen" />
179-->[:url_launcher_android] AndroidManifest.xml:11:13-71
180
181        <service
181-->[com.google.firebase:firebase-sessions:2.0.0] AndroidManifest.xml:22:9-25:40
182            android:name="com.google.firebase.sessions.SessionLifecycleService"
182-->[com.google.firebase:firebase-sessions:2.0.0] AndroidManifest.xml:23:13-80
183            android:enabled="true"
183-->[com.google.firebase:firebase-sessions:2.0.0] AndroidManifest.xml:24:13-35
184            android:exported="false" />
184-->[com.google.firebase:firebase-sessions:2.0.0] AndroidManifest.xml:25:13-37
185        <service
185-->[com.google.android.datatransport:transport-backend-cct:3.1.9] AndroidManifest.xml:28:9-34:19
186            android:name="com.google.android.datatransport.runtime.backends.TransportBackendDiscovery"
186-->[com.google.android.datatransport:transport-backend-cct:3.1.9] AndroidManifest.xml:29:13-103
187            android:exported="false" >
187-->[com.google.android.datatransport:transport-backend-cct:3.1.9] AndroidManifest.xml:30:13-37
188            <meta-data
188-->[com.google.android.datatransport:transport-backend-cct:3.1.9] AndroidManifest.xml:31:13-33:39
189                android:name="backend:com.google.android.datatransport.cct.CctBackendFactory"
189-->[com.google.android.datatransport:transport-backend-cct:3.1.9] AndroidManifest.xml:32:17-94
190                android:value="cct" />
190-->[com.google.android.datatransport:transport-backend-cct:3.1.9] AndroidManifest.xml:33:17-36
191        </service>
192
193        <uses-library
193-->[androidx.window:window:1.2.0] AndroidManifest.xml:23:9-25:40
194            android:name="androidx.window.extensions"
194-->[androidx.window:window:1.2.0] AndroidManifest.xml:24:13-54
195            android:required="false" />
195-->[androidx.window:window:1.2.0] AndroidManifest.xml:25:13-37
196        <uses-library
196-->[androidx.window:window:1.2.0] AndroidManifest.xml:26:9-28:40
197            android:name="androidx.window.sidecar"
197-->[androidx.window:window:1.2.0] AndroidManifest.xml:27:13-51
198            android:required="false" />
198-->[androidx.window:window:1.2.0] AndroidManifest.xml:28:13-37
199
200        <activity
200-->[com.google.android.gms:play-services-base:18.0.1] AndroidManifest.xml:20:9-22:45
201            android:name="com.google.android.gms.common.api.GoogleApiActivity"
201-->[com.google.android.gms:play-services-base:18.0.1] AndroidManifest.xml:20:19-85
202            android:exported="false"
202-->[com.google.android.gms:play-services-base:18.0.1] AndroidManifest.xml:22:19-43
203            android:theme="@android:style/Theme.Translucent.NoTitleBar" /> <!-- Include the AdActivity and InAppPurchaseActivity configChanges and themes. -->
203-->[com.google.android.gms:play-services-base:18.0.1] AndroidManifest.xml:21:19-78
204        <activity
204-->[com.google.android.gms:play-services-ads-lite:23.0.0] AndroidManifest.xml:56:9-61:43
205            android:name="com.google.android.gms.ads.AdActivity"
205-->[com.google.android.gms:play-services-ads-lite:23.0.0] AndroidManifest.xml:57:13-65
206            android:configChanges="keyboard|keyboardHidden|orientation|screenLayout|uiMode|screenSize|smallestScreenSize"
206-->[com.google.android.gms:play-services-ads-lite:23.0.0] AndroidManifest.xml:58:13-122
207            android:exported="false"
207-->[com.google.android.gms:play-services-ads-lite:23.0.0] AndroidManifest.xml:59:13-37
208            android:theme="@android:style/Theme.Translucent" />
208-->[com.google.android.gms:play-services-ads-lite:23.0.0] AndroidManifest.xml:60:13-61
209
210        <provider
210-->[com.google.android.gms:play-services-ads-lite:23.0.0] AndroidManifest.xml:63:9-68:43
211            android:name="com.google.android.gms.ads.MobileAdsInitProvider"
211-->[com.google.android.gms:play-services-ads-lite:23.0.0] AndroidManifest.xml:64:13-76
212            android:authorities="com.mycompany.productivityplus.mobileadsinitprovider"
212-->[com.google.android.gms:play-services-ads-lite:23.0.0] AndroidManifest.xml:65:13-73
213            android:exported="false"
213-->[com.google.android.gms:play-services-ads-lite:23.0.0] AndroidManifest.xml:66:13-37
214            android:initOrder="100" />
214-->[com.google.android.gms:play-services-ads-lite:23.0.0] AndroidManifest.xml:67:13-36
215
216        <service
216-->[com.google.android.gms:play-services-ads-lite:23.0.0] AndroidManifest.xml:70:9-74:43
217            android:name="com.google.android.gms.ads.AdService"
217-->[com.google.android.gms:play-services-ads-lite:23.0.0] AndroidManifest.xml:71:13-64
218            android:enabled="true"
218-->[com.google.android.gms:play-services-ads-lite:23.0.0] AndroidManifest.xml:72:13-35
219            android:exported="false" />
219-->[com.google.android.gms:play-services-ads-lite:23.0.0] AndroidManifest.xml:73:13-37
220
221        <activity
221-->[com.google.android.gms:play-services-ads-lite:23.0.0] AndroidManifest.xml:76:9-80:43
222            android:name="com.google.android.gms.ads.OutOfContextTestingActivity"
222-->[com.google.android.gms:play-services-ads-lite:23.0.0] AndroidManifest.xml:77:13-82
223            android:configChanges="keyboard|keyboardHidden|orientation|screenLayout|uiMode|screenSize|smallestScreenSize"
223-->[com.google.android.gms:play-services-ads-lite:23.0.0] AndroidManifest.xml:78:13-122
224            android:exported="false" />
224-->[com.google.android.gms:play-services-ads-lite:23.0.0] AndroidManifest.xml:79:13-37
225        <activity
225-->[com.google.android.gms:play-services-ads-lite:23.0.0] AndroidManifest.xml:81:9-88:43
226            android:name="com.google.android.gms.ads.NotificationHandlerActivity"
226-->[com.google.android.gms:play-services-ads-lite:23.0.0] AndroidManifest.xml:82:13-82
227            android:excludeFromRecents="true"
227-->[com.google.android.gms:play-services-ads-lite:23.0.0] AndroidManifest.xml:83:13-46
228            android:exported="false"
228-->[com.google.android.gms:play-services-ads-lite:23.0.0] AndroidManifest.xml:84:13-37
229            android:launchMode="singleTask"
229-->[com.google.android.gms:play-services-ads-lite:23.0.0] AndroidManifest.xml:85:13-44
230            android:taskAffinity=""
230-->[com.google.android.gms:play-services-ads-lite:23.0.0] AndroidManifest.xml:86:13-36
231            android:theme="@android:style/Theme.Translucent.NoTitleBar" />
231-->[com.google.android.gms:play-services-ads-lite:23.0.0] AndroidManifest.xml:87:13-72
232
233        <property
233-->[com.google.android.gms:play-services-ads-lite:23.0.0] AndroidManifest.xml:90:9-92:62
234            android:name="android.adservices.AD_SERVICES_CONFIG"
234-->[com.google.android.gms:play-services-ads-lite:23.0.0] AndroidManifest.xml:91:13-65
235            android:resource="@xml/gma_ad_services_config" />
235-->[com.google.android.gms:play-services-ads-lite:23.0.0] AndroidManifest.xml:92:13-59
236
237        <provider
237-->[com.google.firebase:firebase-common:21.0.0] AndroidManifest.xml:23:9-28:39
238            android:name="com.google.firebase.provider.FirebaseInitProvider"
238-->[com.google.firebase:firebase-common:21.0.0] AndroidManifest.xml:24:13-77
239            android:authorities="com.mycompany.productivityplus.firebaseinitprovider"
239-->[com.google.firebase:firebase-common:21.0.0] AndroidManifest.xml:25:13-72
240            android:directBootAware="true"
240-->[com.google.firebase:firebase-common:21.0.0] AndroidManifest.xml:26:13-43
241            android:exported="false"
241-->[com.google.firebase:firebase-common:21.0.0] AndroidManifest.xml:27:13-37
242            android:initOrder="100" />
242-->[com.google.firebase:firebase-common:21.0.0] AndroidManifest.xml:28:13-36
243        <provider
243-->[androidx.work:work-runtime:2.7.0] AndroidManifest.xml:31:9-39:20
244            android:name="androidx.startup.InitializationProvider"
244-->[androidx.work:work-runtime:2.7.0] AndroidManifest.xml:32:13-67
245            android:authorities="com.mycompany.productivityplus.androidx-startup"
245-->[androidx.work:work-runtime:2.7.0] AndroidManifest.xml:33:13-68
246            android:exported="false" >
246-->[androidx.work:work-runtime:2.7.0] AndroidManifest.xml:34:13-37
247            <meta-data
247-->[androidx.work:work-runtime:2.7.0] AndroidManifest.xml:36:13-38:52
248                android:name="androidx.work.WorkManagerInitializer"
248-->[androidx.work:work-runtime:2.7.0] AndroidManifest.xml:37:17-68
249                android:value="androidx.startup" />
249-->[androidx.work:work-runtime:2.7.0] AndroidManifest.xml:38:17-49
250            <meta-data
250-->[androidx.lifecycle:lifecycle-process:2.7.0] AndroidManifest.xml:29:13-31:52
251                android:name="androidx.lifecycle.ProcessLifecycleInitializer"
251-->[androidx.lifecycle:lifecycle-process:2.7.0] AndroidManifest.xml:30:17-78
252                android:value="androidx.startup" />
252-->[androidx.lifecycle:lifecycle-process:2.7.0] AndroidManifest.xml:31:17-49
253            <meta-data
253-->[androidx.profileinstaller:profileinstaller:1.3.1] AndroidManifest.xml:29:13-31:52
254                android:name="androidx.profileinstaller.ProfileInstallerInitializer"
254-->[androidx.profileinstaller:profileinstaller:1.3.1] AndroidManifest.xml:30:17-85
255                android:value="androidx.startup" />
255-->[androidx.profileinstaller:profileinstaller:1.3.1] AndroidManifest.xml:31:17-49
256        </provider>
257
258        <service
258-->[androidx.work:work-runtime:2.7.0] AndroidManifest.xml:41:9-46:35
259            android:name="androidx.work.impl.background.systemalarm.SystemAlarmService"
259-->[androidx.work:work-runtime:2.7.0] AndroidManifest.xml:42:13-88
260            android:directBootAware="false"
260-->[androidx.work:work-runtime:2.7.0] AndroidManifest.xml:43:13-44
261            android:enabled="@bool/enable_system_alarm_service_default"
261-->[androidx.work:work-runtime:2.7.0] AndroidManifest.xml:44:13-72
262            android:exported="false" />
262-->[androidx.work:work-runtime:2.7.0] AndroidManifest.xml:45:13-37
263        <service
263-->[androidx.work:work-runtime:2.7.0] AndroidManifest.xml:47:9-53:35
264            android:name="androidx.work.impl.background.systemjob.SystemJobService"
264-->[androidx.work:work-runtime:2.7.0] AndroidManifest.xml:48:13-84
265            android:directBootAware="false"
265-->[androidx.work:work-runtime:2.7.0] AndroidManifest.xml:49:13-44
266            android:enabled="@bool/enable_system_job_service_default"
266-->[androidx.work:work-runtime:2.7.0] AndroidManifest.xml:50:13-70
267            android:exported="true"
267-->[androidx.work:work-runtime:2.7.0] AndroidManifest.xml:51:13-36
268            android:permission="android.permission.BIND_JOB_SERVICE" />
268-->[androidx.work:work-runtime:2.7.0] AndroidManifest.xml:52:13-69
269        <service
269-->[androidx.work:work-runtime:2.7.0] AndroidManifest.xml:54:9-59:35
270            android:name="androidx.work.impl.foreground.SystemForegroundService"
270-->[androidx.work:work-runtime:2.7.0] AndroidManifest.xml:55:13-81
271            android:directBootAware="false"
271-->[androidx.work:work-runtime:2.7.0] AndroidManifest.xml:56:13-44
272            android:enabled="@bool/enable_system_foreground_service_default"
272-->[androidx.work:work-runtime:2.7.0] AndroidManifest.xml:57:13-77
273            android:exported="false" />
273-->[androidx.work:work-runtime:2.7.0] AndroidManifest.xml:58:13-37
274
275        <receiver
275-->[androidx.work:work-runtime:2.7.0] AndroidManifest.xml:61:9-66:35